[2025-10-01T20:42:46.880+0000] {taskinstance.py:1165} INFO - Dependencies all met for <TaskInstance: combine_multilingual_data.combine_multilingual_files manual__2025-10-01T20:26:13+00:00 [queued]>
[2025-10-01T20:42:46.924+0000] {taskinstance.py:1165} INFO - Dependencies all met for <TaskInstance: combine_multilingual_data.combine_multilingual_files manual__2025-10-01T20:26:13+00:00 [queued]>
[2025-10-01T20:42:46.929+0000] {taskinstance.py:1362} INFO - 
--------------------------------------------------------------------------------
[2025-10-01T20:42:46.932+0000] {taskinstance.py:1363} INFO - Starting attempt 1 of 1
[2025-10-01T20:42:46.935+0000] {taskinstance.py:1364} INFO - 
--------------------------------------------------------------------------------
[2025-10-01T20:42:47.031+0000] {taskinstance.py:1383} INFO - Executing <Task(PythonOperator): combine_multilingual_files> on 2025-10-01 20:26:13+00:00
[2025-10-01T20:42:47.057+0000] {standard_task_runner.py:55} INFO - Started process 4898 to run task
[2025-10-01T20:42:47.070+0000] {standard_task_runner.py:82} INFO - Running: ['***', 'tasks', 'run', 'combine_multilingual_data', 'combine_multilingual_files', 'manual__2025-10-01T20:26:13+00:00', '--job-id', '8', '--raw', '--subdir', 'DAGS_FOLDER/combine_multilingual_data.py', '--cfg-path', '/tmp/tmp1ofq098w']
[2025-10-01T20:42:47.075+0000] {standard_task_runner.py:83} INFO - Job 8: Subtask combine_multilingual_files
[2025-10-01T20:42:47.203+0000] {task_command.py:376} INFO - Running <TaskInstance: combine_multilingual_data.combine_multilingual_files manual__2025-10-01T20:26:13+00:00 [running]> on host 4983e4ae9553
[2025-10-01T20:42:47.471+0000] {taskinstance.py:1592} INFO - Exporting the following env vars:
AIRFLOW_CTX_DAG_OWNER=***
AIRFLOW_CTX_DAG_ID=combine_multilingual_data
AIRFLOW_CTX_TASK_ID=combine_multilingual_files
AIRFLOW_CTX_EXECUTION_DATE=2025-10-01T20:26:13+00:00
AIRFLOW_CTX_TRY_NUMBER=1
AIRFLOW_CTX_DAG_RUN_ID=manual__2025-10-01T20:26:13+00:00
[2025-10-01T20:42:47.478+0000] {logging_mixin.py:120} INFO - Processing mmlu_DE-DE.csv as German
[2025-10-01T20:42:48.435+0000] {logging_mixin.py:120} INFO - Successfully processed mmlu_DE-DE.csv: 14042 rows
[2025-10-01T20:42:48.438+0000] {logging_mixin.py:120} INFO - Processing mmlu_FR-FR.csv as French
[2025-10-01T20:42:49.093+0000] {logging_mixin.py:120} INFO - Successfully processed mmlu_FR-FR.csv: 14042 rows
[2025-10-01T20:42:49.095+0000] {logging_mixin.py:120} INFO - Processing mmlu_AR-XY.csv as Arabic
[2025-10-01T20:42:50.446+0000] {logging_mixin.py:120} INFO - Successfully processed mmlu_AR-XY.csv: 14042 rows
[2025-10-01T20:42:50.450+0000] {logging_mixin.py:120} INFO - Processing mmlu_ES-LA.csv as Spanish
[2025-10-01T20:42:51.366+0000] {logging_mixin.py:120} INFO - Successfully processed mmlu_ES-LA.csv: 14042 rows
[2025-10-01T20:42:51.369+0000] {logging_mixin.py:120} INFO - Processing mmlu_ID-ID.csv as Indonesian
[2025-10-01T20:42:52.207+0000] {logging_mixin.py:120} INFO - Successfully processed mmlu_ID-ID.csv: 14042 rows
[2025-10-01T20:42:52.209+0000] {logging_mixin.py:120} INFO - Processing mmlu_IT-IT.csv as Italian
[2025-10-01T20:42:52.681+0000] {logging_mixin.py:120} INFO - Successfully processed mmlu_IT-IT.csv: 14042 rows
[2025-10-01T20:42:52.684+0000] {logging_mixin.py:120} INFO - Processing mmlu_JA-JP.csv as Japanese
[2025-10-01T20:42:53.437+0000] {logging_mixin.py:120} INFO - Successfully processed mmlu_JA-JP.csv: 14042 rows
[2025-10-01T20:42:53.444+0000] {logging_mixin.py:120} INFO - Processing mmlu_KO-KR.csv as Korean
[2025-10-01T20:42:54.038+0000] {logging_mixin.py:120} INFO - Successfully processed mmlu_KO-KR.csv: 14042 rows
[2025-10-01T20:42:54.041+0000] {logging_mixin.py:120} INFO - Processing mmlu_PT-BR.csv as Portuguese
[2025-10-01T20:42:54.609+0000] {logging_mixin.py:120} INFO - Successfully processed mmlu_PT-BR.csv: 14042 rows
[2025-10-01T20:42:54.611+0000] {logging_mixin.py:120} INFO - Processing mmlu_SW-KE.csv as Swahili
[2025-10-01T20:42:54.863+0000] {logging_mixin.py:120} INFO - Successfully processed mmlu_SW-KE.csv: 14042 rows
[2025-10-01T20:42:54.866+0000] {logging_mixin.py:120} INFO - Processing mmlu_YO-NG.csv as Yorùbá
[2025-10-01T20:42:55.516+0000] {logging_mixin.py:120} INFO - Successfully processed mmlu_YO-NG.csv: 14042 rows
[2025-10-01T20:42:55.519+0000] {logging_mixin.py:120} INFO - Processing mmlu_ZH-CN.csv as Chinese
[2025-10-01T20:42:56.235+0000] {logging_mixin.py:120} INFO - Successfully processed mmlu_ZH-CN.csv: 14042 rows
[2025-10-01T20:42:56.239+0000] {logging_mixin.py:120} INFO - Combining all dataframes...
[2025-10-01T20:42:56.330+0000] {logging_mixin.py:120} INFO - Combined dataset created: 168504 total rows
[2025-10-01T20:42:56.352+0000] {logging_mixin.py:120} INFO - Languages included: ['German' 'French' 'Arabic' 'Spanish' 'Indonesian' 'Italian' 'Japanese'
 'Korean' 'Portuguese' 'Swahili' 'Yorùbá' 'Chinese']
[2025-10-01T20:42:56.353+0000] {logging_mixin.py:120} INFO - Columns: ['Unnamed: 0', 'Question', 'A', 'B', 'C', 'D', 'Answer', 'Subject', 'Language', 'Source_File', 'Combined_Date', 'Total_Languages']
[2025-10-01T20:43:20.681+0000] {logging_mixin.py:120} INFO - Combined file saved locally: /opt/***/data/combined_multilingual_mmlu.csv
[2025-10-01T20:43:20.814+0000] {base.py:71} INFO - Using connection ID 'S3_access' for task execution.
[2025-10-01T20:43:20.826+0000] {connection_wrapper.py:303} INFO - AWS Connection (conn_id='S3_access', conn_type='aws') credentials retrieved from login and password.
[2025-10-01T20:43:51.483+0000] {logging_mixin.py:120} INFO - Combined file uploaded to S3: s3://finalprojectxai/combined_multilingual_mmlu.csv
[2025-10-01T20:43:51.516+0000] {logging_mixin.py:120} INFO - Summary: {'total_rows': 168504, 'languages': ['German', 'French', 'Arabic', 'Spanish', 'Indonesian', 'Italian', 'Japanese', 'Korean', 'Portuguese', 'Swahili', 'Yorùbá', 'Chinese'], 'total_languages': 12, 'columns': ['Unnamed: 0', 'Question', 'A', 'B', 'C', 'D', 'Answer', 'Subject', 'Language', 'Source_File', 'Combined_Date', 'Total_Languages'], 'output_file': 'combined_multilingual_mmlu.csv'}
[2025-10-01T20:43:51.615+0000] {python.py:177} INFO - Done. Returned value was: {'total_rows': 168504, 'languages': ['German', 'French', 'Arabic', 'Spanish', 'Indonesian', 'Italian', 'Japanese', 'Korean', 'Portuguese', 'Swahili', 'Yorùbá', 'Chinese'], 'total_languages': 12, 'columns': ['Unnamed: 0', 'Question', 'A', 'B', 'C', 'D', 'Answer', 'Subject', 'Language', 'Source_File', 'Combined_Date', 'Total_Languages'], 'output_file': 'combined_multilingual_mmlu.csv'}
[2025-10-01T20:43:51.669+0000] {taskinstance.py:1406} INFO - Marking task as SUCCESS. dag_id=combine_multilingual_data, task_id=combine_multilingual_files, execution_date=20251001T202613, start_date=20251001T204246, end_date=20251001T204351
[2025-10-01T20:43:51.785+0000] {local_task_job.py:164} INFO - Task exited with return code 0
[2025-10-01T20:43:51.846+0000] {local_task_job.py:273} INFO - 0 downstream tasks scheduled from follow-on schedule check
